z:\projects\zion\q3map\debug\q3map.bsc
z:\projects\zion\q3map\debug\vc143.pdb
z:\projects\zion\q3map\debug\vc143.idb
z:\projects\zion\q3map\debug\aselib.sbr
z:\projects\zion\q3map\debug\bspfile.sbr
z:\projects\zion\q3map\debug\cmdlib.sbr
z:\projects\zion\q3map\debug\imagelib.sbr
z:\projects\zion\q3map\debug\mathlib.sbr
z:\projects\zion\q3map\debug\mutex.sbr
z:\projects\zion\q3map\debug\polylib.sbr
z:\projects\zion\q3map\debug\scriplib.sbr
z:\projects\zion\q3map\debug\threads.sbr
z:\projects\zion\q3map\debug\brush.sbr
z:\projects\zion\q3map\debug\brush_primit.sbr
z:\projects\zion\q3map\debug\bsp.sbr
z:\projects\zion\q3map\debug\facebsp.sbr
z:\projects\zion\q3map\debug\fog.sbr
z:\projects\zion\q3map\debug\gldraw.sbr
z:\projects\zion\q3map\debug\glfile.sbr
z:\projects\zion\q3map\debug\leakfile.sbr
z:\projects\zion\q3map\debug\light.sbr
z:\projects\zion\q3map\debug\lightmaps.sbr
z:\projects\zion\q3map\debug\lightv.sbr
z:\projects\zion\q3map\debug\lightv.obj
z:\projects\zion\q3map\debug\lightmaps.obj
z:\projects\zion\q3map\debug\light.obj
z:\projects\zion\q3map\debug\leakfile.obj
z:\projects\zion\q3map\debug\glfile.obj
z:\projects\zion\q3map\debug\gldraw.obj
z:\projects\zion\q3map\debug\fog.obj
z:\projects\zion\q3map\debug\facebsp.obj
z:\projects\zion\q3map\debug\bsp.obj
z:\projects\zion\q3map\debug\brush_primit.obj
z:\projects\zion\q3map\debug\brush.obj
z:\projects\zion\q3map\debug\threads.obj
z:\projects\zion\q3map\debug\scriplib.obj
z:\projects\zion\q3map\debug\polylib.obj
z:\projects\zion\q3map\debug\mutex.obj
z:\projects\zion\q3map\debug\mathlib.obj
z:\projects\zion\q3map\debug\imagelib.obj
z:\projects\zion\q3map\debug\cmdlib.obj
z:\projects\zion\q3map\debug\bspfile.obj
z:\projects\zion\q3map\debug\aselib.obj
z:\projects\zion\q3map\debug\light_trace.sbr
z:\projects\zion\q3map\debug\map.sbr
z:\projects\zion\q3map\debug\mesh.sbr
z:\projects\zion\q3map\debug\misc_model.sbr
z:\projects\zion\q3map\debug\patch.sbr
z:\projects\zion\q3map\debug\portals.sbr
z:\projects\zion\q3map\debug\prtfile.sbr
z:\projects\zion\q3map\debug\shaders.sbr
z:\projects\zion\q3map\debug\soundv.sbr
z:\projects\zion\q3map\debug\surface.sbr
z:\projects\zion\q3map\debug\terrain.sbr
z:\projects\zion\q3map\debug\tjunction.sbr
z:\projects\zion\q3map\debug\tree.sbr
z:\projects\zion\q3map\debug\vis.sbr
z:\projects\zion\q3map\debug\visflow.sbr
z:\projects\zion\q3map\debug\writebsp.sbr
z:\projects\zion\q3map\debug\writebsp.obj
z:\projects\zion\q3map\debug\visflow.obj
z:\projects\zion\q3map\debug\vis.obj
z:\projects\zion\q3map\debug\tree.obj
z:\projects\zion\q3map\debug\tjunction.obj
z:\projects\zion\q3map\debug\terrain.obj
z:\projects\zion\q3map\debug\surface.obj
z:\projects\zion\q3map\debug\soundv.obj
z:\projects\zion\q3map\debug\shaders.obj
z:\projects\zion\q3map\debug\prtfile.obj
z:\projects\zion\q3map\debug\portals.obj
z:\projects\zion\q3map\debug\patch.obj
z:\projects\zion\q3map\debug\misc_model.obj
z:\projects\zion\q3map\debug\mesh.obj
z:\projects\zion\q3map\debug\map.obj
z:\projects\zion\q3map\debug\light_trace.obj
z:\projects\zion\tools\q3map.exe
z:\projects\zion\q3map\debug\q3map.pdb
z:\projects\zion\q3map\debug\q3map.ilk
z:\projects\zion\q3map\debug\q3map.tlog\bscmake.command.1.tlog
z:\projects\zion\q3map\debug\q3map.tlog\bscmake.read.1.tlog
z:\projects\zion\q3map\debug\q3map.tlog\bscmake.write.1.tlog
z:\projects\zion\q3map\debug\q3map.tlog\cl.command.1.tlog
z:\projects\zion\q3map\debug\q3map.tlog\cl.items.tlog
z:\projects\zion\q3map\debug\q3map.tlog\cl.read.1.tlog
z:\projects\zion\q3map\debug\q3map.tlog\cl.write.1.tlog
z:\projects\zion\q3map\debug\q3map.tlog\link.command.1.tlog
z:\projects\zion\q3map\debug\q3map.tlog\link.read.1.tlog
z:\projects\zion\q3map\debug\q3map.tlog\link.secondary.1.tlog
z:\projects\zion\q3map\debug\q3map.tlog\link.write.1.tlog
