z:\projects\zion\libs\jpeg6\debug\jpeg6.pdb
z:\projects\zion\libs\jpeg6\debug\jpeg6.idb
z:\projects\zion\libs\jpeg6\debug\jmemnobs.obj
z:\projects\zion\libs\jpeg6\debug\jmemmgr.obj
z:\projects\zion\libs\jpeg6\debug\jidctflt.obj
z:\projects\zion\libs\jpeg6\debug\jfdctflt.obj
z:\projects\zion\libs\jpeg6\debug\jerror.obj
z:\projects\zion\libs\jpeg6\debug\jdtrans.obj
z:\projects\zion\libs\jpeg6\debug\jdsample.obj
z:\projects\zion\libs\jpeg6\debug\jdpostct.obj
z:\projects\zion\libs\jpeg6\debug\jdmaster.obj
z:\projects\zion\libs\jpeg6\debug\jdmarker.obj
z:\projects\zion\libs\jpeg6\debug\jdmainct.obj
z:\projects\zion\libs\jpeg6\debug\jdinput.obj
z:\projects\zion\libs\jpeg6\debug\jdhuff.obj
z:\projects\zion\libs\jpeg6\debug\jddctmgr.obj
z:\projects\zion\libs\jpeg6\debug\jdcolor.obj
z:\projects\zion\libs\jpeg6\debug\jdcoefct.obj
z:\projects\zion\libs\jpeg6\debug\jdatasrc.obj
z:\projects\zion\libs\jpeg6\debug\jdapistd.obj
z:\projects\zion\libs\jpeg6\debug\jdapimin.obj
z:\projects\zion\libs\jpeg6\debug\jcomapi.obj
z:\projects\zion\libs\jpeg6\debug\jutils.obj
z:\projects\zion\libs\jpeg6\debug\jpgload.obj
z:\projects\zion\libs\jpeg6d.lib
z:\projects\zion\libs\jpeg6\debug\jpeg6.tlog\cl.command.1.tlog
z:\projects\zion\libs\jpeg6\debug\jpeg6.tlog\cl.items.tlog
z:\projects\zion\libs\jpeg6\debug\jpeg6.tlog\cl.read.1.tlog
z:\projects\zion\libs\jpeg6\debug\jpeg6.tlog\cl.write.1.tlog
z:\projects\zion\libs\jpeg6\debug\jpeg6.tlog\lib-link.write.1.tlog
z:\projects\zion\libs\jpeg6\debug\jpeg6.tlog\lib.command.1.tlog
z:\projects\zion\libs\jpeg6\debug\jpeg6.tlog\lib.read.1.tlog
